<?xml version="1.0" encoding="UTF-8"?>
<!-- Generated by org.testng.reporters.JUnitXMLReporter -->
<testsuite hostname="DESKTOP-M7GEGKI" ignored="0" name="Default test" tests="3" failures="0" timestamp="2021-09-23T18:04:01 GMT+05:30" time="29.893" errors="0">
  <testcase name="data_Credentials" time="17.526" classname="com.DataProvider_Demo.Data_Provider_Demo"/>
  <testcase name="data_Credentials" time="9.286" classname="com.DataProvider_Demo.Data_Provider_Demo"/>
  <testcase name="logOut" time="2.913" classname="com.DataProvider_Demo.Data_Provider_Demo"/>
</testsuite> <!-- Default test -->
