<?xml version="1.0" encoding="UTF-8"?>
<!-- Generated by org.testng.reporters.JUnitReportReporter -->
<testsuite skipped="0" hostname="DESKTOP-M7GEGKI" name="com.DataProvider_Demo.Data_Provider_Demo" tests="3" failures="0" timestamp="2021-09-23T18:04:01 GMT+05:30" time="29.725" errors="0">
  <testcase name="data_Credentials" time="9.286" classname="com.DataProvider_Demo.Data_Provider_Demo"/>
  <system-out/>
  <testcase name="data_Credentials" time="17.526" classname="com.DataProvider_Demo.Data_Provider_Demo"/>
  <system-out/>
  <testcase name="logOut" time="2.913" classname="com.DataProvider_Demo.Data_Provider_Demo"/>
  <system-out/>
</testsuite> <!-- com.DataProvider_Demo.Data_Provider_Demo -->
